<?xml version="1.0" encoding="UTF-8"?>
<!-- Generated by org.testng.reporters.JUnitReportReporter -->
<testsuite hostname="LAPTOP-MCBUF6Q2" failures="0" tests="1" name="com.tecoaleseqa.testcases.UsersPageTest" time="33.985" errors="0" timestamp="2025-05-10T03:14:48 IST" skipped="0">
  <testcase classname="com.tecoaleseqa.testcases.UsersPageTest" name="verifyUsersPageRedirection" time="33.985"/>
  <system-out/>
</testsuite> <!-- com.tecoaleseqa.testcases.UsersPageTest -->
